2026-04-29 19:14:29.486 [SK] INFO  [JTS-Main] - OvernightManager.dayInit: new values: dayOfTheWeek: 4 (Wed), YYYYMMofToday: 202604, YYYYMMDDofToday: 20260429, m_todayDate: 20260429, dueToChangeInTimezone: false
2026-04-29 19:14:29.488 [SK] INFO  [JTS-Main] - Created on: 20260429
2026-04-29 19:14:29.489 [SK] INFO  [JTS-Main] - ------------------------------- IB GATEWAY RESTART --------------------------------
2026-04-29 19:14:29.491 [SK] INFO  [JTS-Main] - installer version: unknown, installer type: unknown, install dir: 'null', Jts dir: '/home/ubuntu/pft-validator', VM options file: 'null'
2026-04-29 19:14:29.492 [SK] INFO  [JTS-Main] - Verifying environment [entryPoint=IBGATEWAY_STANDALONE]...
2026-04-29 19:14:29.493 [SK] INFO  [JTS-Main] - Installer type set to: INSTALL4J_STANDALONE.
2026-04-29 19:14:29.513 [SK] INFO  [AWT-EventQueue-0] - Build 10.37.1r, Apr 21, 2026 6:11:04 AM
2026-04-29 19:14:29.514 [SK] INFO  [AWT-EventQueue-0] - Enable One-Time Events Tracking
2026-04-29 19:14:29.517 [SK] INFO  [JTS-Main] - PROXY Installed custom selector
2026-04-29 19:14:29.521 [SK] INFO  [JTS-Main] - useSsl=true,FIX endPoint=null:4001
2026-04-29 19:14:29.531 [SK] INFO  [JTS-Main] - LOCALE: Property locale_to_use=null JTS Locale=en_US  country=United States  variant=
2026-04-29 19:14:29.533 [SK] INFO  [JTS-Main] - Region: Custom
2026-04-29 19:14:29.533 [SK] WARN  [JTS-Main] - The locales jar directory resolved to '/home/ubuntu/pft-validator/jars' ('installDir' system property is not set).
2026-04-29 19:14:29.533 [SK] WARN  [JTS-Main] - The locales jar directory resolved to '/home/ubuntu/pft-validator/jars' ('installDir' system property is not set).
2026-04-29 19:14:29.533 [SK] INFO  [JTS-Main] - Locale from ini: en
2026-04-29 19:14:29.534 [SK] INFO  [JTS-Main] - Locale=en_US  country=United States  variant=
2026-04-29 19:14:29.539 [SK] INFO  [JTS-Main] - prohibiting class lookup [twslaunch.ji18n.LauncherLanguage]
2026-04-29 19:14:29.541 [SK] INFO  [JTS-Main] - prohibiting class lookup [twslaunch.ji18n.LauncherLanguage_en]
2026-04-29 19:14:29.541 [SK] INFO  [JTS-Main] - prohibiting class lookup [twslaunch.ji18n.LauncherLanguage_en_US]
2026-04-29 19:14:29.542 [SK] INFO  [JTS-Main] - LOCALE:  type: launcher intended: en_US actual:  size: 500
2026-04-29 19:14:29.543 [SK] INFO  [JTS-Main] - settings dir: '/home/ubuntu/pft-validator'
2026-04-29 19:14:29.556 [SK] ERROR [JTS-Main] - Error during FX Thread start up, this may result in problem described in bz87660 to reacquire
java.lang.IllegalAccessException: class twslaunch.trader.common.g cannot access class com.sun.javafx.application.PlatformImpl (in module javafx.graphics) because module javafx.graphics does not export com.sun.javafx.application to unnamed module @13e344d
	at java.base/jdk.internal.reflect.Reflection.newIllegalAccessException(Reflection.java:392)
	at java.base/java.lang.reflect.AccessibleObject.checkAccess(AccessibleObject.java:674)
	at java.base/java.lang.reflect.Method.invoke(Method.java:560)
	at twslaunch.trader.common.g.k(g.java:980)
	at ibgateway.GWClient.a(Unknown Source)
	at ibgateway.GWClient.main(Unknown Source)
	at ibcalpha.ibc.IbcTws.startGateway(Unknown Source)
	at ibcalpha.ibc.IbcTws.startTwsOrGateway(Unknown Source)
	at ibcalpha.ibc.IbcTws.load(Unknown Source)
	at ibcalpha.ibc.IbcGateway.main(Unknown Source)
2026-04-29 19:14:29.566 [SK] INFO  [JTS-Main] - LauncherFontUpdater: simulatehighdefscreen=false
2026-04-29 19:14:29.569 [SK] INFO  [JTS-Main] - LauncherFontUpdater: Screen dimensions=1280x1024
2026-04-29 19:14:29.569 [SK] INFO  [JTS-Main] - LauncherFontUpdater: highres=false
2026-04-29 19:14:29.569 [SK] INFO  [JTS-Main] - LauncherFontUpdater: FontSize=16
2026-04-29 19:14:29.571 [SK] INFO  [JTS-Main] - initPreUI() - entry
2026-04-29 19:14:29.593 [SK] INFO  [JTS-Main] - LookAndFeelChangedListener installed
2026-04-29 19:14:29.595 [SK] INFO  [JTS-Main] - JtsLookAndFeel initialized
2026-04-29 19:14:29.861 [SK] INFO  [JTS-Main] - Current LAF: TWS LAF
2026-04-29 19:14:29.861 [SK] INFO  [JTS-Main] - initPreUI() - exit
2026-04-29 19:14:30.334 [SK] INFO  [AWT-EventQueue-0] - Default timezone:Etc/UTC
2026-04-29 19:14:30.336 [SK] INFO  [AWT-EventQueue-0] - Starting GstatMessageMgr...
2026-04-29 19:14:30.337 [SK] WARN  [JTS-GstatMessageMgr-6] - Misc URLs have not been received. Resending request...
2026-04-29 19:14:30.362 [SK] INFO  [AWT-EventQueue-0] - Started on 20260429-19:14:30
2026-04-29 19:14:30.362 [SK] INFO  [AWT-EventQueue-0] - Default timezone:Etc/UTC name:Coordinated Universal Time dst:0
2026-04-29 19:14:30.362 [SK] INFO  [AWT-EventQueue-0] - java version = 17.0.10.0.101
2026-04-29 19:14:30.363 [SK] INFO  [AWT-EventQueue-0] - sun.arch.data.model = 64
2026-04-29 19:14:30.363 [SK] INFO  [AWT-EventQueue-0] - os = Linux
2026-04-29 19:14:30.363 [SK] INFO  [AWT-EventQueue-0] - os version = 6.8.12-18-pve
2026-04-29 19:14:30.363 [SK] INFO  [AWT-EventQueue-0] - os architecture = 32
2026-04-29 19:14:30.363 [SK] INFO  [AWT-EventQueue-0] - runtime = OpenJDK Runtime Environment
2026-04-29 19:14:30.363 [SK] INFO  [AWT-EventQueue-0] - vendor = Azul Systems, Inc.
2026-04-29 19:14:30.363 [SK] INFO  [AWT-EventQueue-0] - vm name = OpenJDK 64-Bit Server VM
2026-04-29 19:14:30.363 [SK] INFO  [AWT-EventQueue-0] - username = 'ubuntu'
2026-04-29 19:14:30.733 [SK] INFO  [AWT-EventQueue-0] - Stopping GstatMessageMgr...
2026-04-29 19:14:30.734 [SK] INFO  [AWT-EventQueue-0] - Setting dir is /home/ubuntu/pft-validator/
2026-04-29 19:14:30.734 [SK] INFO  [AWT-EventQueue-0] - PROXY Cleared HTTP proxy: no valid proxy is present (passing on :0)
2026-04-29 19:14:30.738 [SK] INFO  [AWT-EventQueue-0] - BaseIniFile.saveGatewayFixEndPoint() [host=ndc1.ibllc.com,port=4001]...
2026-04-29 19:14:30.739 [SK] INFO  [AWT-EventQueue-0] - SPLASH Creating screen with 5 steps
2026-04-29 19:14:30.772 [SK] INFO  [AWT-EventQueue-0] - SplashScreen: using ads manager
2026-04-29 19:14:30.774 [SK] INFO  [AWT-EventQueue-0] - AdImageContainer: start build ads UI
2026-04-29 19:14:30.777 [SK] INFO  [JTS-CachedThreadExecutor-7] - AdManager: NEXT_AD request https://api.ibkr.com/tws.proxy/info/next?platform=dTWS&size=1200x1000&lang=en&version=10371&build=nightly
2026-04-29 19:14:30.851 [SK] INFO  [JTS-CachedThreadExecutor-7] - AdManager: sending request with header X-USERNAME
2026-04-29 19:14:30.922 [SK] INFO  [AWT-EventQueue-0] - initAutoEncryptionMenu(): autoEncryption set to true
2026-04-29 19:14:30.931 [SK] INFO  [AWT-EventQueue-0] - Contacting ndc1.ibllc.com:4000 as user NOT PRINTED
2026-04-29 19:14:30.946 [SK] INFO  [AWT-EventQueue-0] - UserCredentials.sessionId() [this=1184013957,old=null,new=69f25896.03ac].
2026-04-29 19:14:30.946 [SK] INFO  [AWT-EventQueue-0] - CONN CALC: Last connection attempt time is cleared!
2026-04-29 19:14:30.946 [SK] INFO  [AWT-EventQueue-0] - CONN CALC: Last connection set as now:19:14:30:946
2026-04-29 19:14:30.946 [SK] INFO  [AWT-EventQueue-0] - Prelogin delay:0
2026-04-29 19:14:30.947 [SK] INFO  [JTS-Login-9] - Starting launcher login thread
2026-04-29 19:14:30.948 [SK] INFO  [JTS-Login-9] - LauncherLoginThread.runLoginWithUI()[hotBackupStrategy=ON,loginAttempt=1,socketDelay=20000].
2026-04-29 19:14:30.948 [SK] INFO  [JTS-Login-9] - SPLASH Connecting to server
2026-04-29 19:14:30.950 [SK] INFO  [JTS-Login-9] - ### startLogin startTime=1777490070946
2026-04-29 19:14:30.950 [SK] INFO  [JTS-Login-9] - ### loginAttempt loginAttempt=1
2026-04-29 19:14:30.950 [SK] INFO  [JTS-Login-9] - Connecting ndc1.ibllc.com:4001 (SSL) timeout=20000...
2026-04-29 19:14:30.952 [SK] INFO  [JTS-Login-9] - ### onSocketOpenStart socketOpenStart=1777490070950; endPoint=ndc1.ibllc.com; port=4001
2026-04-29 19:14:30.953 [SK] INFO  [JTS-Order-Audit-11] - Starting async queue thread
2026-04-29 19:14:30.953 [SK] INFO  [AWT-EventQueue-0] - Network monitor is activated
2026-04-29 19:14:31.065 [SK] INFO  [JTS-Login-9] - ### onSocketOpenEnd socketOpenEnd=1777490071065
2026-04-29 19:14:31.065 [SK] INFO  [JTS-Login-9] - Connected to ndc1.ibllc.com:4001 (SSL)/64.190.197.40 remote-ip on local port 0 socket local addrs:port /192.168.1.17:35346
2026-04-29 19:14:31.066 [SK] INFO  [JTS-Login-9] - Updating machine info [connectionAddress=/192.168.1.17]...
2026-04-29 19:14:31.066 [SK] INFO  [JTS-Login-9] - Creating unique random...
2026-04-29 19:14:31.067 [SK] INFO  [JTS-Login-9] - id=f11e7fbb
2026-04-29 19:14:31.067 [SK] INFO  [JTS-Login-9] - Resolving MAC address...
2026-04-29 19:14:31.068 [SK] INFO  [JTS-Login-9] - MACNetworkInfo created <f11e7fbb|BC:24:11:F2:82:BD|192.168.1.17>.
2026-04-29 19:14:31.068 [SK] INFO  [JTS-Login-9] - JTSAuthConnection.onConnected(): lastKnownCipherStatus=INSECURE
2026-04-29 19:14:31.069 [SK] INFO  [JTS-Login-9] - Changing state for connection from PRELOGON to PRELOGON in B 1542579922: SessionSocket:1
2026-04-29 19:14:31.069 [SK] INFO  [JTS-Login-9] - Authenticating
2026-04-29 19:14:31.074 [SK] INFO  [JTS-CCPListenerS1-12] - Starting listener thread [sessionID=1]...
2026-04-29 19:14:31.081 [SK] INFO  [JTS-Login-9] - AuthTimeoutMonitor-CCP: deactivate
2026-04-29 19:14:31.081 [SK] INFO  [JTS-Login-9] - AuthTimeoutMonitor-CCP: timeout=20000
2026-04-29 19:14:31.082 [SK] INFO  [JTS-Login-9] - AuthTimeoutMonitor-CCP: activate
2026-04-29 19:14:31.082 [SK] INFO  [JTS-AuthTimeoutMonitorThread-CCP-14] - Starting auth timeout monitor thread for CCP
2026-04-29 19:14:31.082 [SK] INFO  [JTS-Login-9] - LOGIN_TIME_MONITOR	 false 19:14:31:082 since start = 0 thread delay = 0 global delay = 0 tag=null, cls=AuthDispatcher method=connect
2026-04-29 19:14:31.085 [SK] INFO  [JTS-Login-9] - SPLASH -0001 step 1 AuthDispatcher.connect
2026-04-29 19:14:31.085 [SK] INFO  [JTS-Login-9] - Sending connect request
2026-04-29 19:14:31.086 [SK] INFO  [JTS-AuthDispatcherS1-13] - Starting dispatcher thread [sessionID=1]...
2026-04-29 19:14:31.086 [SK] INFO  [JTS-Login-9] - AuthDispatcher.initNSMsgVersionLimits: minVersion=38, maxVersion=50
2026-04-29 19:14:31.087 [SK] INFO  [JTS-Login-9] - AuthDispatcher.NSConnectRequest: userSessionID=69f25896.03ac, beeDemoType=NULL
2026-04-29 19:14:31.088 [SK] INFO  [JTS-Login-9] - ### onNsMsg loginMessageReq=1777490071088; brandNewUser=true
2026-04-29 19:14:31.089 [SK] INFO  [JTS-Login-9] - mapProdToPaper: In NSConnectRequest: sending PAPER_CONNECT=0x2000
2026-04-29 19:14:31.089 [SK] INFO  [JTS-Login-9] - NSConnectRequest: sending CLIENT_USE_SSL=0x80000
2026-04-29 19:14:31.161 [SK] INFO  [JTS-CachedThreadExecutor-7] - AdManager: NEXT_AD ad is not available
2026-04-29 19:14:31.161 [SK] ERROR [JTS-CachedThreadExecutor-7] - AdsManager: get next image failed with status 404
2026-04-29 19:14:31.162 [SK] INFO  [AWT-EventQueue-0] - AdImageContainer: display regular background image without ads
2026-04-29 19:14:31.162 [SK] INFO  [AWT-EventQueue-0] - Splashscreen: should not show ads
2026-04-29 19:14:31.368 [SK] INFO  [JTS-Login-9] - SPLASH Authenticating
2026-04-29 19:14:31.368 [SK] INFO  [JTS-CCPListenerS1-12] - Initial listener buffer size is 65536.
2026-04-29 19:14:31.368 [SK] INFO  [JTS-CCPListenerS1-12] - Listener thread [sessionID=1] is ready to process messages.
2026-04-29 19:14:31.369 [SK] INFO  [JTS-Login-9] - Terminating launcher login thread
2026-04-29 19:14:31.459 [SK] INFO  [JTS-AuthDispatcherS1-13] - SPLASH 0377 step 2 AuthDispatcher.processDataItr
2026-04-29 19:14:31.460 [SK] INFO  [JTS-AuthDispatcherS1-13] - Received NS_REDIRECT
2026-04-29 19:14:31.460 [SK] INFO  [JTS-AuthDispatcherS1-13] - ### onConmanRedirect
2026-04-29 19:14:31.461 [SK] INFO  [JTS-AuthDispatcherS1-13] - Disconnecting ndc1.ibllc.com:4001 (SSL) [disconnectDetails=DisconnectDetails[sessionID=1,endPoint=ndc1.ibllc.com:4001 (SSL),reason=DISCONNECT_ON_REDIRECTION,cause=null,systemMessage=null,keepSocketOpen=false]]...
2026-04-29 19:14:31.461 [SK] INFO  [JTS-AuthDispatcherS1-13] - Socket closed.
2026-04-29 19:14:31.462 [SK] INFO  [JTS-AuthDispatcherS1-13] - AuthTimeoutMonitor-CCP: deactivate
2026-04-29 19:14:31.462 [SK] INFO  [JTS-AuthTimeoutMonitorThread-CCP-14] - Terminating auth timeout monitor thread for CCP
2026-04-29 19:14:31.462 [SK] INFO  [JTS-CCPListenerS1-12] - Socket or stream for connection ndc1.ibllc.com:4001 (SSL) was closed by another thread.
2026-04-29 19:14:31.462 [SK] INFO  [JTS-AuthDispatcherS1-13] - SocketTracker[name=name=CCP(ndc1.ibllc.com:4001 (SSL)),usesCcpConMan=false,lastReadTimestamp=1777490071458,lastReadDateTime=2026-04-29T19:14:31.458,lastFixSendTime=].
2026-04-29 19:14:31.462 [SK] INFO  [JTS-AuthDispatcherS1-13] - Interrupting dispatcher [sessionID=1]...
2026-04-29 19:14:31.462 [SK] INFO  [JTS-AuthDispatcherS1-13] - Interrupting listener [sessionID=1,disconnectSocket=true]...
2026-04-29 19:14:31.463 [SK] INFO  [JTS-DisconnectedS1-18] - IBGateway connection to ccp disconnected.
2026-04-29 19:14:31.463 [SK] INFO  [JTS-AuthDispatcherS1-13] - Redirecting to cdc1.ibllc.com:4001 (SSL)
2026-04-29 19:14:31.464 [SK] INFO  [JTS-AuthDispatcherS1-13] - UserCredentials.sessionId() [this=1184013957,old=69f25896.03ac,new=69f25896.03ac].
2026-04-29 19:14:31.464 [SK] INFO  [JTS-MiscUlrsRequester-20] - Connecting ndc1.ibllc.com:4000 timeout=10000...
2026-04-29 19:14:31.465 [SK] INFO  [JTS-AuthDispatcherS1-13] - Prelogin delay:0
2026-04-29 19:14:31.465 [SK] INFO  [JTS-AuthDispatcherS1-13] - Dispatcher thread terminating [sessionID=1,interrupted=true]...
2026-04-29 19:14:31.465 [SK] INFO  [JTS-CCPListenerS1-12] - Listener thread terminating [sessionID=1] [seen=35,totalShifted=35,moreAvailable=0]
2026-04-29 19:14:31.465 [SK] INFO  [JTS-Login-21] - Starting launcher login thread
2026-04-29 19:14:31.465 [SK] INFO  [JTS-Login-21] - LauncherLoginThread.runLoginWithUI()[hotBackupStrategy=ON,loginAttempt=1,socketDelay=20000].
2026-04-29 19:14:31.465 [SK] INFO  [JTS-Login-21] - SPLASH Connecting to server
2026-04-29 19:14:31.466 [SK] INFO  [JTS-Login-21] - ### startLogin startTime=1777490071464
2026-04-29 19:14:31.466 [SK] INFO  [JTS-Login-21] - ### loginAttempt loginAttempt=1
2026-04-29 19:14:31.466 [SK] INFO  [JTS-Login-21] - AsyncDisconnectNotifiers: 1
2026-04-29 19:14:31.466 [SK] INFO  [JTS-Login-21] - Connecting cdc1.ibllc.com:4001 (SSL) timeout=20000...
2026-04-29 19:14:31.466 [SK] INFO  [JTS-Login-21] - ### onSocketOpenStart socketOpenStart=1777490071466; endPoint=cdc1.ibllc.com; port=4001
2026-04-29 19:14:31.534 [SK] INFO  [JTS-Login-21] - ### onSocketOpenEnd socketOpenEnd=1777490071534
2026-04-29 19:14:31.535 [SK] INFO  [JTS-Login-21] - Connected to cdc1.ibllc.com:4001 (SSL)/8.17.22.31 remote-ip on local port 0 socket local addrs:port /192.168.1.17:50532
2026-04-29 19:14:31.535 [SK] INFO  [JTS-Login-21] - Updating machine info [connectionAddress=/192.168.1.17]...
2026-04-29 19:14:31.535 [SK] INFO  [JTS-Login-21] - JTSAuthConnection.onConnected(): lastKnownCipherStatus=INSECURE
2026-04-29 19:14:31.535 [SK] INFO  [JTS-Login-21] - Changing state for connection from PRELOGON to PRELOGON in B 1542579922: SessionSocket:3
2026-04-29 19:14:31.535 [SK] INFO  [JTS-Login-21] - Authenticating
2026-04-29 19:14:31.536 [SK] INFO  [JTS-Login-21] - AuthTimeoutMonitor-CCP: deactivate
2026-04-29 19:14:31.536 [SK] INFO  [JTS-Login-21] - AuthTimeoutMonitor-CCP: timeout=20000
2026-04-29 19:14:31.536 [SK] INFO  [JTS-Login-21] - AuthTimeoutMonitor-CCP: activate
2026-04-29 19:14:31.536 [SK] INFO  [JTS-CCPListenerS3-23] - Starting listener thread [sessionID=3]...
2026-04-29 19:14:31.536 [SK] INFO  [JTS-Login-21] - Sending connect request
2026-04-29 19:14:31.536 [SK] INFO  [JTS-AuthTimeoutMonitorThread-CCP-25] - Starting auth timeout monitor thread for CCP
2026-04-29 19:14:31.536 [SK] INFO  [JTS-Login-21] - AuthDispatcher.initNSMsgVersionLimits: minVersion=38, maxVersion=50
2026-04-29 19:14:31.536 [SK] INFO  [JTS-AuthDispatcherS3-24] - Starting dispatcher thread [sessionID=3]...
2026-04-29 19:14:31.536 [SK] INFO  [JTS-Login-21] - AuthDispatcher.NSConnectRequest: userSessionID=69f25896.03ac, beeDemoType=NULL
2026-04-29 19:14:31.536 [SK] INFO  [JTS-Login-21] - ### onNsMsg loginMessageReq=1777490071536; brandNewUser=true
2026-04-29 19:14:31.537 [SK] INFO  [JTS-Login-21] - mapProdToPaper: In NSConnectRequest: sending PAPER_CONNECT=0x2000
2026-04-29 19:14:31.537 [SK] INFO  [JTS-Login-21] - NSConnectRequest: sending CLIENT_USE_SSL=0x80000
2026-04-29 19:14:31.550 [SK] INFO  [JTS-MiscUlrsRequester-20] - Connected to ndc1.ibllc.com:4000/64.190.197.40 remote-ip on local port 0 socket local addrs:port /192.168.1.17:50984
2026-04-29 19:14:31.550 [SK] INFO  [JTS-MiscUlrsRequester-20] - Updating machine info [connectionAddress=/192.168.1.17]...
2026-04-29 19:14:31.550 [SK] INFO  [JTS-MISC URLsListenerS2-27] - Starting listener thread [sessionID=2]...
2026-04-29 19:14:31.551 [SK] INFO  [JTS-MiscUlrsRequester-20] - Sending MiscUrls request
2026-04-29 19:14:31.551 [SK] INFO  [JTS-AuthDispatcherS2-28] - Starting dispatcher thread [sessionID=2]...
2026-04-29 19:14:31.551 [SK] INFO  [JTS-MISC URLsListenerS2-27] - Initial listener buffer size is 65536.
2026-04-29 19:14:31.552 [SK] INFO  [JTS-MISC URLsListenerS2-27] - Listener thread [sessionID=2] is ready to process messages.
2026-04-29 19:14:31.551 [SK] INFO  [JTS-AuthResponseMonitor-29] - Starting auth response monitor thread
2026-04-29 19:14:31.637 [SK] INFO  [JTS-AuthDispatcherS2-28] - Received NS_MISC_URLS
2026-04-29 19:14:31.638 [SK] INFO  [JTS-AuthDispatcherS2-28] - IBMiscUrl.miscUrlMessage()[sslRequired=true]
2026-04-29 19:14:31.638 [SK] INFO  [JTS-AuthDispatcherS2-28] - Misc URL: scope is blank - setting userScope to EXTERNAL
2026-04-29 19:14:31.639 [SK] INFO  [JTS-AuthDispatcherS2-28] - Misc URL: setting userScope to EXTERNAL
2026-04-29 19:14:31.640 [SK] INFO  [JTS-AuthDispatcherS2-28] - Disconnecting ndc1.ibllc.com:4000 [disconnectDetails=DisconnectDetails[sessionID=2,endPoint=ndc1.ibllc.com:4000,reason=DISCONNECT_BY_DESIGN,cause=null,systemMessage=null,keepSocketOpen=false]]...
2026-04-29 19:14:31.640 [SK] INFO  [JTS-AuthDispatcherS2-28] - Socket closed.
2026-04-29 19:14:31.641 [SK] INFO  [JTS-AuthDispatcherS2-28] - SocketTracker[name=name=MISC URLs(ndc1.ibllc.com:4000),usesCcpConMan=false,lastReadTimestamp=1777490071637,lastReadDateTime=2026-04-29T19:14:31.637,lastFixSendTime=].
2026-04-29 19:14:31.641 [SK] INFO  [JTS-MISC URLsListenerS2-27] - Socket or stream for connection ndc1.ibllc.com:4000 was closed by another thread.
2026-04-29 19:14:31.641 [SK] INFO  [JTS-AuthDispatcherS2-28] - Interrupting dispatcher [sessionID=2]...
2026-04-29 19:14:31.641 [SK] INFO  [JTS-AuthDispatcherS2-28] - Interrupting listener [sessionID=2,disconnectSocket=true]...
2026-04-29 19:14:31.641 [SK] INFO  [JTS-AuthDispatcherS2-28] - Dispatcher thread terminating [sessionID=2,interrupted=true]...
2026-04-29 19:14:31.641 [SK] INFO  [JTS-MISC URLsListenerS2-27] - Listener thread terminating [sessionID=2] [seen=1589,totalShifted=1589,moreAvailable=0]
2026-04-29 19:14:31.641 [SK] INFO  [JTS-AuthResponseMonitor-29] - Terminating auth response monitor thread
2026-04-29 19:14:31.768 [SK] INFO  [JTS-Login-21] - SPLASH Authenticating
2026-04-29 19:14:31.768 [SK] INFO  [JTS-CCPListenerS3-23] - Initial listener buffer size is 65536.
2026-04-29 19:14:31.768 [SK] INFO  [JTS-CCPListenerS3-23] - Listener thread [sessionID=3] is ready to process messages.
2026-04-29 19:14:31.768 [SK] INFO  [JTS-Login-21] - Terminating launcher login thread
2026-04-29 19:14:31.854 [SK] INFO  [JTS-AuthDispatcherS3-24] - SPLASH 0395 step 3 AuthDispatcher.processDataItr
2026-04-29 19:14:31.855 [SK] INFO  [JTS-AuthDispatcherS3-24] - set nsMsgVersion: context=AuthStart; version=50
2026-04-29 19:14:31.855 [SK] INFO  [JTS-AuthDispatcherS3-24] - Received NS_AUTH_START: 1
2026-04-29 19:14:31.856 [SK] INFO  [JTS-AuthDispatcherS3-24] - pwd time to expiry ms: 2324886329000 days: 26909
2026-04-29 19:14:31.856 [SK] INFO  [JTS-AuthDispatcherS3-24] - Long pwd allowed: true
2026-04-29 19:14:31.856 [SK] INFO  [JTS-AuthDispatcherS3-24] -  NS_AUTH_START version=50 pwd=1 soft=0 token(s)=[token=0] initialTokenType=PWD authenticationType=MARKET_DATA_CONNECTION identityHashcode=1963561455
2026-04-29 19:14:31.857 [SK] INFO  [JTS-AuthDispatcherS3-24] - ### onStartAuthentication
2026-04-29 19:14:31.857 [SK] INFO  [JTS-AuthDispatcherS3-24] - Starting password Authentication
2026-04-29 19:14:31.857 [SK] INFO  [JTS-AuthDispatcherS3-24] - ### onXyzAuthQuery
2026-04-29 19:14:31.857 [SK] INFO  [JTS-AuthDispatcherS3-24] - sendXYZMessage: 777
2026-04-29 19:14:31.857 [SK] INFO  [JTS-AuthDispatcherS3-24] - UserCredentials.setFrom() [this=1184013957,other=1184013957,old=69f25896.03ac,new=69f25896.03ac].
2026-04-29 19:14:31.930 [SK] INFO  [JTS-AuthDispatcherS3-24] - Receiver: 777
2026-04-29 19:14:31.930 [SK] ERROR [JTS-AuthDispatcherS3-24] - ERROR: Received twslaunch.jauthentication.O with userName NOT PRINTED in it - this is not expected
2026-04-29 19:14:31.930 [SK] INFO  [JTS-AuthDispatcherS3-24] - processXYZMessage: 777, protocol version: 50
2026-04-29 19:14:31.930 [SK] INFO  [JTS-AuthDispatcherS3-24] - Received AUTH_PARAMS
2026-04-29 19:14:31.930 [SK] INFO  [JTS-AuthDispatcherS3-24] - ### onXyzAuthParams
2026-04-29 19:14:31.931 [SK] INFO  [JTS-AuthDispatcherS3-24] - sendXYZMessage: 777
2026-04-29 19:14:32.004 [SK] INFO  [JTS-AuthDispatcherS3-24] - Receiver: 777
2026-04-29 19:14:32.004 [SK] ERROR [JTS-AuthDispatcherS3-24] - ERROR: Received twslaunch.jauthentication.O with userName NOT PRINTED in it - this is not expected
2026-04-29 19:14:32.004 [SK] INFO  [JTS-AuthDispatcherS3-24] - processXYZMessage: 777, protocol version: 50
2026-04-29 19:14:32.004 [SK] INFO  [JTS-AuthDispatcherS3-24] - Received SERVER_PARAMS
2026-04-29 19:14:32.007 [SK] INFO  [JTS-AuthDispatcherS3-24] - Session Token received in AuthenticationMessageXYZ=21f2bXXXXX.., messageId=SERVER_KEY (4)
2026-04-29 19:14:32.007 [SK] INFO  [JTS-AuthDispatcherS3-24] - sendXYZMessage: 777
2026-04-29 19:14:32.091 [SK] INFO  [JTS-AuthDispatcherS3-24] - SPLASH 0237 step 3 AuthDispatcher.processDataItr
2026-04-29 19:14:32.091 [SK] INFO  [JTS-AuthDispatcherS3-24] - Receiver: 777
2026-04-29 19:14:32.091 [SK] ERROR [JTS-AuthDispatcherS3-24] - ERROR: Received twslaunch.jauthentication.O with userName NOT PRINTED in it - this is not expected
2026-04-29 19:14:32.091 [SK] INFO  [JTS-AuthDispatcherS3-24] - processXYZMessage: 777, protocol version: 50
2026-04-29 19:14:32.091 [SK] INFO  [JTS-AuthDispatcherS3-24] - Received AUTH_RESULT
2026-04-29 19:14:32.091 [SK] INFO  [JTS-AuthDispatcherS3-24] - ### onXyzAuthServerProof
2026-04-29 19:14:32.091 [SK] INFO  [JTS-AuthDispatcherS3-24] - Passed pwd authentication.
2026-04-29 19:14:32.091 [SK] INFO  [JTS-AuthDispatcherS3-24] - Authentication completed.
2026-04-29 19:14:32.091 [SK] INFO  [JTS-AuthDispatcherS3-24] - ### onAuthenticationCompleted tokenProtocol=0; authenticated=true
2026-04-29 19:14:32.092 [SK] INFO  [JTS-AuthDispatcherS3-24] - setting session token in AuthenticationHandler: authenticationType=MARKET_DATA_CONNECTION hashCode=1963561455 new=XYZSessionToken[type=SOFT,token=21f2bXXXXX..] old=null ctciOld=null
2026-04-29 19:14:32.092 [SK] INFO  [JTS-AuthDispatcherS3-24] - ccp session token non-CTCI is set as XYZSessionToken[type=SOFT,token=21f2bXXXXX..] 
2026-04-29 19:14:32.092 [SK] INFO  [JTS-AuthDispatcherS3-24] - Received NS_CONNECT_RESPONSE
2026-04-29 19:14:32.092 [SK] INFO  [JTS-AuthDispatcherS3-24] - Received CCP connect features: [TST, ONELOGON].
2026-04-29 19:14:32.093 [SK] INFO  [JTS-AuthDispatcherS3-24] - Log encryption support is enabled [authType=MARKET_DATA_CONNECTION,logKeyId=aaa,logKey=***,logUploadKey=dhrfwmjvvj].
2026-04-29 19:14:32.093 [SK] INFO  [JTS-AuthDispatcherS3-24] - CCP sent paperUser NOT PRINTED for prodUser NOT PRINTED
2026-04-29 19:14:32.099 [SK] INFO  [JTS-AuthDispatcherS3-24] - UserCredentials.setFrom() [this=1184013957,other=1184013957,old=69f25896.03ac,new=69f25896.03ac].
2026-04-29 19:14:32.101 [SK] INFO  [JTS-AuthDispatcherS3-24] - AuthDispatcher.newCommPort()[userDirname=ipmffkmnfepibhaajdchjmnghofchiliefaamgib,restart=,authToken=null,ccpToken=XYZSessionToken[type=SOFT,token=21f2bXXXXX..]].
2026-04-29 19:14:32.101 [SK] INFO  [JTS-AuthDispatcherS3-24] - Daily auto-restart is not enabled.
2026-04-29 19:14:32.102 [SK] INFO  [JTS-AuthDispatcherS3-24] - Sending NSNewcommPort [tokenMask=2,tokens=XYZSessionToken[type=SOFT,token=21f2bXXXXX..]],shortTokenHashes=4ea0c42e]...
2026-04-29 19:14:32.172 [SK] INFO  [JTS-AuthDispatcherS3-24] - Received NS_FIX_START
2026-04-29 19:14:32.172 [SK] INFO  [JTS-AuthDispatcherS3-24] - ### onNsFixStart
2026-04-29 19:14:32.173 [SK] INFO  [JTS-PostAuthenticateS3-34] - Interrupting dispatcher [sessionID=3]...
2026-04-29 19:14:32.173 [SK] INFO  [JTS-AuthDispatcherS3-24] - Dispatcher thread terminating [sessionID=3,interrupted=true]...
2026-04-29 19:14:32.173 [SK] INFO  [JTS-PostAuthenticateS3-34] - AuthTimeoutMonitor-CCP: deactivate
2026-04-29 19:14:32.173 [SK] INFO  [JTS-PostAuthenticateS3-34] - Authentication complete
2026-04-29 19:14:32.173 [SK] INFO  [JTS-AuthTimeoutMonitorThread-CCP-25] - Terminating auth timeout monitor thread for CCP
2026-04-29 19:14:32.173 [SK] INFO  [JTS-PostAuthenticateS3-34] - Creating a FixLogonHandlerFactory instance...
2026-04-29 19:14:32.174 [SK] INFO  [JTS-PostAuthenticateS3-34] - Instance created.
2026-04-29 19:14:32.176 [SK] INFO  [AWT-EventQueue-0] - initPreUI() - entry
2026-04-29 19:14:32.177 [SK] INFO  [AWT-EventQueue-0] - jtsLookAndFeel uninitialized
2026-04-29 19:14:32.177 [SK] INFO  [AWT-EventQueue-0] - JtsLookAndFeel initialized
2026-04-29 19:14:32.177 [SK] INFO  [JTS-PostAuthenticateS3-34] - JDOMFactory Class =interface org.jdom.JDOMFactory
2026-04-29 19:14:32.179 [SK] INFO  [AWT-EventQueue-0] - Current LAF: TWS LAF
2026-04-29 19:14:32.179 [SK] INFO  [JTS-PostAuthenticateS3-34] - hsqldb jdbc =class org.hsqldb.jdbcDriver 2.4
2026-04-29 19:14:32.179 [SK] INFO  [AWT-EventQueue-0] - initPreUI() - exit
2026-04-29 19:14:32.181 [SK] INFO  [JTS-PostAuthenticateS3-34] - Changing state for connection from PRELOGON to PRELOGON in B 1542579922: SessionSocket:3
2026-04-29 19:14:32.181 [SK] INFO  [JTS-PostAuthenticateS3-34] - createOrRenameToNewStyleUserDirectory: create newDir=/home/ubuntu/pft-validator/dgpdjeilgkccmlebkicghonjccocflnajmhbcnmh
2026-04-29 19:14:32.183 [SK] INFO  [JTS-PostAuthenticateS3-34] - performLogSwitch() [force=false]
2026-04-29 19:14:32.185 [SK] INFO  [JTS-PostAuthenticateS3-34] - Switching to a new encrypted log...
